<?xml version="1.0" encoding="utf-8"?>
<coverage line-rate="0.4928" branch-rate="0.4583" version="1.9" timestamp="1741159208" lines-covered="308" lines-valid="625" branches-covered="44" branches-valid="96">
  <sources>
    <source>/home/darin/repos/SlackNetBlockBuilder/SlackNetBlockBuilder/</source>
  </sources>
  <packages>
    <package name="SlackNetBlockBuilder" line-rate="0.4928" branch-rate="0.4583" complexity="250">
      <classes>
        <class name="SlackNet.Blocks.ActionElementBuilder`1" filename="ActionElementBuilder.cs" line-rate="0.7777" branch-rate="1" complexity="5">
          <methods>
            <method name="get_Element" signature="()" line-rate="1" branch-rate="1" complexity="1">
              <lines>
                <line number="57" hits="65" branch="False" />
              </lines>
            </method>
            <method name="ConfirmationDialog" signature="(System.Action`1&lt;SlackNet.Blocks.ConfirmationDialog&gt;)" line-rate="1" branch-rate="1" complexity="1">
              <lines>
                <line number="78" hits="1" branch="False" />
                <line number="79" hits="1" branch="False" />
                <line number="80" hits="1" branch="False" />
                <line number="81" hits="1" branch="False" />
                <line number="82" hits="1" branch="False" />
              </lines>
            </method>
            <method name="Set" signature="(System.Action`1&lt;TElement&gt;)" line-rate="1" branch-rate="1" complexity="1">
              <lines>
                <line number="90" hits="40" branch="False" />
                <line number="91" hits="40" branch="False" />
                <line number="92" hits="40" branch="False" />
                <line number="93" hits="40" branch="False" />
              </lines>
            </method>
            <method name="ActionId" signature="(System.String)" line-rate="0" branch-rate="1" complexity="1">
              <lines>
                <line number="101" hits="0" branch="False" />
                <line number="102" hits="0" branch="False" />
                <line number="103" hits="0" branch="False" />
                <line number="104" hits="0" branch="False" />
              </lines>
            </method>
            <method name=".ctor" signature="(TElement)" line-rate="1" branch-rate="1" complexity="1">
              <lines>
                <line number="63" hits="44" branch="False" />
                <line number="64" hits="44" branch="False" />
                <line number="65" hits="44" branch="False" />
                <line number="66" hits="44" branch="False" />
              </lines>
            </method>
          </methods>
          <lines>
            <line number="57" hits="65" branch="False" />
            <line number="78" hits="1" branch="False" />
            <line number="79" hits="1" branch="False" />
            <line number="80" hits="1" branch="False" />
            <line number="81" hits="1" branch="False" />
            <line number="82" hits="1" branch="False" />
            <line number="90" hits="40" branch="False" />
            <line number="91" hits="40" branch="False" />
            <line number="92" hits="40" branch="False" />
            <line number="93" hits="40" branch="False" />
            <line number="101" hits="0" branch="False" />
            <line number="102" hits="0" branch="False" />
            <line number="103" hits="0" branch="False" />
            <line number="104" hits="0" branch="False" />
            <line number="63" hits="44" branch="False" />
            <line number="64" hits="44" branch="False" />
            <line number="65" hits="44" branch="False" />
            <line number="66" hits="44" branch="False" />
          </lines>
        </class>
        <class name="SlackNet.Blocks.ActionsBlockBuilder" filename="ActionsBlockBuilder.cs" line-rate="0.8362999999999999" branch-rate="1" complexity="29">
          <methods>
            <method name="Create" signature="()" line-rate="1" branch-rate="1" complexity="1">
              <lines>
                <line number="33" hits="14" branch="False" />
              </lines>
            </method>
            <method name="Build" signature="()" line-rate="1" branch-rate="1" complexity="6">
              <lines>
                <line number="41" hits="14" branch="False" />
                <line number="42" hits="14" branch="True" condition-coverage="100% (2/2)">
                  <conditions>
                    <condition number="23" type="jump" coverage="100%" />
                  </conditions>
                </line>
                <line number="43" hits="1" branch="False" />
                <line number="44" hits="1" branch="False" />
                <line number="47" hits="13" branch="True" condition-coverage="100% (4/4)">
                  <conditions>
                    <condition number="97" type="jump" coverage="100%" />
                    <condition number="117" type="jump" coverage="100%" />
                  </conditions>
                </line>
                <line number="48" hits="1" branch="False" />
                <line number="49" hits="1" branch="False" />
                <line number="52" hits="12" branch="False" />
                <line number="53" hits="12" branch="False" />
              </lines>
            </method>
            <method name="WithBlockId" signature="(System.String)" line-rate="1" branch-rate="1" complexity="1">
              <lines>
                <line number="66" hits="2" branch="False" />
                <line number="67" hits="2" branch="False" />
                <line number="68" hits="2" branch="False" />
                <line number="69" hits="2" branch="False" />
              </lines>
            </method>
            <method name="AddElement" signature="(System.String,TElement,System.Action`1&lt;SlackNet.Blocks.ActionElementBuilder`1&lt;TElement&gt;&gt;)" line-rate="1" branch-rate="1" complexity="1">
              <lines>
                <line number="81" hits="1" branch="False" />
                <line number="82" hits="1" branch="False" />
                <line number="83" hits="1" branch="False" />
                <line number="84" hits="1" branch="False" />
                <line number="86" hits="1" branch="False" />
                <line number="87" hits="1" branch="False" />
              </lines>
            </method>
            <method name="AddElement" signature="(System.String,System.Action`1&lt;SlackNet.Blocks.ActionElementBuilder`1&lt;TElement&gt;&gt;)" line-rate="1" branch-rate="1" complexity="1">
              <lines>
                <line number="98" hits="32" branch="False" />
                <line number="99" hits="32" branch="False" />
                <line number="100" hits="32" branch="False" />
                <line number="101" hits="32" branch="False" />
                <line number="102" hits="32" branch="False" />
                <line number="104" hits="32" branch="False" />
                <line number="105" hits="32" branch="False" />
              </lines>
            </method>
            <method name="AddElement" signature="(System.String,System.Action`1&lt;SlackNet.Blocks.InputElementBuilder`1&lt;TElement&gt;&gt;)" line-rate="1" branch-rate="1" complexity="1">
              <lines>
                <line number="116" hits="7" branch="False" />
                <line number="117" hits="7" branch="False" />
                <line number="118" hits="7" branch="False" />
                <line number="119" hits="7" branch="False" />
                <line number="120" hits="7" branch="False" />
                <line number="122" hits="7" branch="False" />
                <line number="123" hits="7" branch="False" />
              </lines>
            </method>
            <method name="AddButton" signature="(System.String,System.Action`1&lt;SlackNet.Blocks.ActionElementBuilder`1&lt;SlackNet.Blocks.Button&gt;&gt;)" line-rate="1" branch-rate="1" complexity="1">
              <lines>
                <line number="132" hits="31" branch="False" />
              </lines>
            </method>
            <method name="AddCheckboxGroup" signature="(System.String,System.Action`1&lt;SlackNet.Blocks.InputElementBuilder`1&lt;SlackNet.Blocks.CheckboxGroup&gt;&gt;)" line-rate="1" branch-rate="1" complexity="1">
              <lines>
                <line number="142" hits="1" branch="False" />
              </lines>
            </method>
            <method name="AddDatePicker" signature="(System.String,System.Action`1&lt;SlackNet.Blocks.InputElementBuilder`1&lt;SlackNet.Blocks.DatePicker&gt;&gt;)" line-rate="1" branch-rate="1" complexity="1">
              <lines>
                <line number="151" hits="1" branch="False" />
              </lines>
            </method>
            <method name="AddTimePicker" signature="(System.String,System.Action`1&lt;SlackNet.Blocks.InputElementBuilder`1&lt;SlackNet.Blocks.TimePicker&gt;&gt;)" line-rate="0" branch-rate="1" complexity="1">
              <lines>
                <line number="160" hits="0" branch="False" />
              </lines>
            </method>
            <method name="AddDateTimePicker" signature="(System.String,System.Action`1&lt;SlackNet.Blocks.InputElementBuilder`1&lt;SlackNet.Blocks.DateTimePicker&gt;&gt;)" line-rate="0" branch-rate="1" complexity="1">
              <lines>
                <line number="170" hits="0" branch="False" />
              </lines>
            </method>
            <method name="AddOverflowMenu" signature="(System.String,System.Action`1&lt;SlackNet.Blocks.ActionElementBuilder`1&lt;SlackNet.Blocks.OverflowMenu&gt;&gt;)" line-rate="1" branch-rate="1" complexity="1">
              <lines>
                <line number="179" hits="1" branch="False" />
              </lines>
            </method>
            <method name="AddRadioButtonGroup" signature="(System.String,System.Action`1&lt;SlackNet.Blocks.InputElementBuilder`1&lt;SlackNet.Blocks.RadioButtonGroup&gt;&gt;)" line-rate="0" branch-rate="1" complexity="1">
              <lines>
                <line number="189" hits="0" branch="False" />
              </lines>
            </method>
            <method name="AddStaticSelectMenu" signature="(System.String,System.Action`1&lt;SlackNet.Blocks.InputElementBuilder`1&lt;SlackNet.Blocks.StaticSelectMenu&gt;&gt;)" line-rate="1" branch-rate="1" complexity="1">
              <lines>
                <line number="199" hits="2" branch="False" />
              </lines>
            </method>
            <method name="AddExternalSelectMenu" signature="(System.String,System.Action`1&lt;SlackNet.Blocks.InputElementBuilder`1&lt;SlackNet.Blocks.ExternalSelectMenu&gt;&gt;)" line-rate="0" branch-rate="1" complexity="1">
              <lines>
                <line number="209" hits="0" branch="False" />
              </lines>
            </method>
            <method name="AddUserSelectMenu" signature="(System.String,System.Action`1&lt;SlackNet.Blocks.InputElementBuilder`1&lt;SlackNet.Blocks.UserSelectMenu&gt;&gt;)" line-rate="1" branch-rate="1" complexity="1">
              <lines>
                <line number="219" hits="1" branch="False" />
              </lines>
            </method>
            <method name="AddConversationSelectMenu" signature="(System.String,System.Action`1&lt;SlackNet.Blocks.InputElementBuilder`1&lt;SlackNet.Blocks.ConversationSelectMenu&gt;&gt;)" line-rate="1" branch-rate="1" complexity="1">
              <lines>
                <line number="229" hits="1" branch="False" />
              </lines>
            </method>
            <method name="AddChannelSelectMenu" signature="(System.String,System.Action`1&lt;SlackNet.Blocks.InputElementBuilder`1&lt;SlackNet.Blocks.ChannelSelectMenu&gt;&gt;)" line-rate="1" branch-rate="1" complexity="1">
              <lines>
                <line number="239" hits="1" branch="False" />
              </lines>
            </method>
            <method name="AddMultiStaticSelectMenu" signature="(System.String,System.Action`1&lt;SlackNet.Blocks.InputElementBuilder`1&lt;SlackNet.Blocks.StaticMultiSelectMenu&gt;&gt;)" line-rate="0" branch-rate="1" complexity="1">
              <lines>
                <line number="249" hits="0" branch="False" />
              </lines>
            </method>
            <method name="AddMultiExternalSelectMenu" signature="(System.String,System.Action`1&lt;SlackNet.Blocks.InputElementBuilder`1&lt;SlackNet.Blocks.ExternalMultiSelectMenu&gt;&gt;)" line-rate="0" branch-rate="1" complexity="1">
              <lines>
                <line number="259" hits="0" branch="False" />
              </lines>
            </method>
            <method name="AddMultiUserSelectMenu" signature="(System.String,System.Action`1&lt;SlackNet.Blocks.InputElementBuilder`1&lt;SlackNet.Blocks.UserMultiSelectMenu&gt;&gt;)" line-rate="0" branch-rate="1" complexity="1">
              <lines>
                <line number="269" hits="0" branch="False" />
              </lines>
            </method>
            <method name="AddMultiConversationSelectMenu" signature="(System.String,System.Action`1&lt;SlackNet.Blocks.InputElementBuilder`1&lt;SlackNet.Blocks.ConversationMultiSelectMenu&gt;&gt;)" line-rate="0" branch-rate="1" complexity="1">
              <lines>
                <line number="279" hits="0" branch="False" />
              </lines>
            </method>
            <method name="AddMultiChannelSelectMenu" signature="(System.String,System.Action`1&lt;SlackNet.Blocks.InputElementBuilder`1&lt;SlackNet.Blocks.ChannelMultiSelectMenu&gt;&gt;)" line-rate="0" branch-rate="1" complexity="1">
              <lines>
                <line number="289" hits="0" branch="False" />
              </lines>
            </method>
            <method name=".ctor" signature="()" line-rate="1" branch-rate="1" complexity="1">
              <lines>
                <line number="24" hits="14" branch="False" />
                <line number="25" hits="14" branch="False" />
                <line number="26" hits="14" branch="False" />
                <line number="27" hits="14" branch="False" />
              </lines>
            </method>
          </methods>
          <lines>
            <line number="33" hits="14" branch="False" />
            <line number="41" hits="14" branch="False" />
            <line number="42" hits="14" branch="True" condition-coverage="100% (2/2)">
              <conditions>
                <condition number="23" type="jump" coverage="100%" />
              </conditions>
            </line>
            <line number="43" hits="1" branch="False" />
            <line number="44" hits="1" branch="False" />
            <line number="47" hits="13" branch="True" condition-coverage="100% (4/4)">
              <conditions>
                <condition number="97" type="jump" coverage="100%" />
                <condition number="117" type="jump" coverage="100%" />
              </conditions>
            </line>
            <line number="48" hits="1" branch="False" />
            <line number="49" hits="1" branch="False" />
            <line number="52" hits="12" branch="False" />
            <line number="53" hits="12" branch="False" />
            <line number="66" hits="2" branch="False" />
            <line number="67" hits="2" branch="False" />
            <line number="68" hits="2" branch="False" />
            <line number="69" hits="2" branch="False" />
            <line number="81" hits="1" branch="False" />
            <line number="82" hits="1" branch="False" />
            <line number="83" hits="1" branch="False" />
            <line number="84" hits="1" branch="False" />
            <line number="86" hits="1" branch="False" />
            <line number="87" hits="1" branch="False" />
            <line number="98" hits="32" branch="False" />
            <line number="99" hits="32" branch="False" />
            <line number="100" hits="32" branch="False" />
            <line number="101" hits="32" branch="False" />
            <line number="102" hits="32" branch="False" />
            <line number="104" hits="32" branch="False" />
            <line number="105" hits="32" branch="False" />
            <line number="116" hits="7" branch="False" />
            <line number="117" hits="7" branch="False" />
            <line number="118" hits="7" branch="False" />
            <line number="119" hits="7" branch="False" />
            <line number="120" hits="7" branch="False" />
            <line number="122" hits="7" branch="False" />
            <line number="123" hits="7" branch="False" />
            <line number="132" hits="31" branch="False" />
            <line number="142" hits="1" branch="False" />
            <line number="151" hits="1" branch="False" />
            <line number="160" hits="0" branch="False" />
            <line number="170" hits="0" branch="False" />
            <line number="179" hits="1" branch="False" />
            <line number="189" hits="0" branch="False" />
            <line number="199" hits="2" branch="False" />
            <line number="209" hits="0" branch="False" />
            <line number="219" hits="1" branch="False" />
            <line number="229" hits="1" branch="False" />
            <line number="239" hits="1" branch="False" />
            <line number="249" hits="0" branch="False" />
            <line number="259" hits="0" branch="False" />
            <line number="269" hits="0" branch="False" />
            <line number="279" hits="0" branch="False" />
            <line number="289" hits="0" branch="False" />
            <line number="24" hits="14" branch="False" />
            <line number="25" hits="14" branch="False" />
            <line number="26" hits="14" branch="False" />
            <line number="27" hits="14" branch="False" />
          </lines>
        </class>
        <class name="SlackNet.Blocks.BlockBuilder" filename="BlockBuilder.cs" line-rate="0.41659999999999997" branch-rate="0.3214" complexity="67">
          <methods>
            <method name="From" signature="(System.Collections.Generic.IEnumerable`1&lt;SlackNet.Blocks.Block&gt;)" line-rate="0" branch-rate="1" complexity="1">
              <lines>
                <line number="66" hits="0" branch="False" />
              </lines>
            </method>
            <method name="Create" signature="()" line-rate="1" branch-rate="1" complexity="1">
              <lines>
                <line number="73" hits="4" branch="False" />
              </lines>
            </method>
            <method name="Build" signature="()" line-rate="1" branch-rate="1" complexity="2">
              <lines>
                <line number="83" hits="4" branch="False" />
                <line number="85" hits="4" branch="True" condition-coverage="100% (2/2)">
                  <conditions>
                    <condition number="12" type="jump" coverage="100%" />
                  </conditions>
                </line>
                <line number="86" hits="1" branch="False" />
                <line number="87" hits="1" branch="False" />
                <line number="90" hits="3" branch="False" />
                <line number="91" hits="3" branch="False" />
              </lines>
            </method>
            <method name="GetFocusedElementsCount" signature="()" line-rate="1" branch-rate="1" complexity="1">
              <lines>
                <line number="97" hits="4" branch="False" />
              </lines>
            </method>
            <method name="GetFocusedElementsCount" signature="(SlackNet.Blocks.Block)" line-rate="0.875" branch-rate="0.6666" complexity="6">
              <lines>
                <line number="105" hits="7" branch="False" />
                <line number="106" hits="7" branch="True" condition-coverage="75% (3/4)">
                  <conditions>
                    <condition number="13" type="jump" coverage="100%" />
                    <condition number="23" type="jump" coverage="50%" />
                  </conditions>
                </line>
                <line number="107" hits="7" branch="False" />
                <line number="108" hits="4" branch="True" condition-coverage="50% (1/2)">
                  <conditions>
                    <condition number="41" type="jump" coverage="50%" />
                  </conditions>
                </line>
                <line number="109" hits="0" branch="False" />
                <line number="110" hits="3" branch="False" />
                <line number="111" hits="7" branch="False" />
                <line number="112" hits="7" branch="False" />
              </lines>
            </method>
            <method name="IsElementFocused" signature="(SlackNet.Blocks.IInputBlockElement)" line-rate="0.4594" branch-rate="0.2857" complexity="42">
              <lines>
                <line number="120" hits="4" branch="False" />
                <line number="122" hits="4" branch="True" condition-coverage="28.57% (12/42)">
                  <conditions>
                    <condition number="13" type="jump" coverage="50%" />
                    <condition number="26" type="jump" coverage="50%" />
                    <condition number="39" type="jump" coverage="50%" />
                    <condition number="54" type="jump" coverage="50%" />
                    <condition number="69" type="jump" coverage="50%" />
                    <condition number="84" type="jump" coverage="50%" />
                    <condition number="99" type="jump" coverage="100%" />
                    <condition number="114" type="jump" coverage="50%" />
                    <condition number="129" type="jump" coverage="50%" />
                    <condition number="144" type="jump" coverage="50%" />
                    <condition number="159" type="jump" coverage="50%" />
                    <condition number="174" type="jump" coverage="0%" />
                    <condition number="189" type="jump" coverage="0%" />
                    <condition number="204" type="jump" coverage="0%" />
                    <condition number="219" type="jump" coverage="0%" />
                    <condition number="234" type="jump" coverage="0%" />
                    <condition number="249" type="jump" coverage="0%" />
                    <condition number="264" type="jump" coverage="0%" />
                    <condition number="279" type="jump" coverage="0%" />
                    <condition number="294" type="jump" coverage="0%" />
                    <condition number="309" type="jump" coverage="0%" />
                  </conditions>
                </line>
                <line number="123" hits="4" branch="False" />
                <line number="124" hits="4" branch="False" />
                <line number="125" hits="0" branch="False" />
                <line number="126" hits="0" branch="False" />
                <line number="127" hits="0" branch="False" />
                <line number="128" hits="4" branch="False" />
                <line number="129" hits="4" branch="False" />
                <line number="130" hits="0" branch="False" />
                <line number="131" hits="0" branch="False" />
                <line number="132" hits="0" branch="False" />
                <line number="133" hits="3" branch="False" />
                <line number="134" hits="0" branch="False" />
                <line number="135" hits="0" branch="False" />
                <line number="136" hits="4" branch="False" />
                <line number="137" hits="4" branch="False" />
                <line number="138" hits="0" branch="False" />
                <line number="139" hits="1" branch="False" />
                <line number="140" hits="4" branch="False" />
                <line number="141" hits="4" branch="False" />
                <line number="142" hits="0" branch="False" />
                <line number="143" hits="0" branch="False" />
                <line number="144" hits="0" branch="False" />
                <line number="145" hits="0" branch="False" />
                <line number="146" hits="0" branch="False" />
                <line number="147" hits="4" branch="False" />
                <line number="148" hits="4" branch="False" />
                <line number="149" hits="0" branch="False" />
                <line number="150" hits="0" branch="False" />
                <line number="151" hits="0" branch="False" />
                <line number="152" hits="0" branch="False" />
                <line number="153" hits="0" branch="False" />
                <line number="154" hits="0" branch="False" />
                <line number="155" hits="4" branch="False" />
                <line number="156" hits="4" branch="False" />
                <line number="157" hits="4" branch="False" />
              </lines>
            </method>
            <method name="Remove" signature="(System.Predicate`1&lt;SlackNet.Blocks.Block&gt;)" line-rate="0" branch-rate="1" complexity="1">
              <lines>
                <line number="165" hits="0" branch="False" />
                <line number="166" hits="0" branch="False" />
                <line number="167" hits="0" branch="False" />
              </lines>
            </method>
            <method name="Remove" signature="(System.String)" line-rate="0" branch-rate="1" complexity="1">
              <lines>
                <line number="175" hits="0" branch="False" />
                <line number="176" hits="0" branch="False" />
                <line number="177" hits="0" branch="False" />
              </lines>
            </method>
            <method name="RemoveAction" signature="(System.Predicate`1&lt;SlackNet.Blocks.IActionElement&gt;)" line-rate="0" branch-rate="0" complexity="6">
              <lines>
                <line number="185" hits="0" branch="False" />
                <line number="186" hits="0" branch="False" />
                <line number="189" hits="0" branch="True" condition-coverage="0% (0/2)">
                  <conditions>
                    <condition number="116" type="jump" coverage="0%" />
                  </conditions>
                </line>
                <line number="190" hits="0" branch="False" />
                <line number="191" hits="0" branch="True" condition-coverage="0% (0/2)">
                  <conditions>
                    <condition number="94" type="jump" coverage="0%" />
                  </conditions>
                </line>
                <line number="192" hits="0" branch="False" />
                <line number="193" hits="0" branch="True" condition-coverage="0% (0/2)">
                  <conditions>
                    <condition number="67" type="jump" coverage="0%" />
                  </conditions>
                </line>
                <line number="194" hits="0" branch="False" />
                <line number="195" hits="0" branch="False" />
                <line number="197" hits="0" branch="False" />
                <line number="198" hits="0" branch="False" />
                <line number="200" hits="0" branch="False" />
                <line number="201" hits="0" branch="False" />
              </lines>
            </method>
            <method name="RemoveAction" signature="(System.String)" line-rate="0" branch-rate="1" complexity="1">
              <lines>
                <line number="208" hits="0" branch="False" />
              </lines>
            </method>
            <method name="AddBlock" signature="(SlackNet.Blocks.Block)" line-rate="1" branch-rate="1" complexity="1">
              <lines>
                <line number="212" hits="7" branch="False" />
                <line number="213" hits="7" branch="False" />
                <line number="214" hits="7" branch="False" />
                <line number="215" hits="7" branch="False" />
              </lines>
            </method>
            <method name="Add" signature="(System.Action`1&lt;TBlock&gt;)" line-rate="0" branch-rate="1" complexity="1">
              <lines>
                <line number="224" hits="0" branch="False" />
                <line number="225" hits="0" branch="False" />
                <line number="226" hits="0" branch="False" />
                <line number="227" hits="0" branch="False" />
                <line number="228" hits="0" branch="False" />
                <line number="229" hits="0" branch="False" />
              </lines>
            </method>
            <method name="AddBlocks" signature="(System.Collections.Generic.IEnumerable`1&lt;SlackNet.Blocks.Block&gt;)" line-rate="0" branch-rate="1" complexity="1">
              <lines>
                <line number="233" hits="0" branch="False" />
                <line number="234" hits="0" branch="False" />
                <line number="235" hits="0" branch="False" />
                <line number="236" hits="0" branch="False" />
              </lines>
            </method>
            <method name=".ctor" signature="()" line-rate="1" branch-rate="1" complexity="1">
              <lines>
                <line number="43" hits="4" branch="False" />
                <line number="48" hits="4" branch="False" />
                <line number="49" hits="4" branch="False" />
                <line number="50" hits="4" branch="False" />
              </lines>
            </method>
            <method name=".ctor" signature="(System.Collections.Generic.IEnumerable`1&lt;SlackNet.Blocks.Block&gt;)" line-rate="0" branch-rate="1" complexity="1">
              <lines>
                <line number="56" hits="0" branch="False" />
                <line number="57" hits="0" branch="False" />
                <line number="58" hits="0" branch="False" />
                <line number="59" hits="0" branch="False" />
              </lines>
            </method>
          </methods>
          <lines>
            <line number="66" hits="0" branch="False" />
            <line number="73" hits="4" branch="False" />
            <line number="83" hits="4" branch="False" />
            <line number="85" hits="4" branch="True" condition-coverage="100% (2/2)">
              <conditions>
                <condition number="12" type="jump" coverage="100%" />
              </conditions>
            </line>
            <line number="86" hits="1" branch="False" />
            <line number="87" hits="1" branch="False" />
            <line number="90" hits="3" branch="False" />
            <line number="91" hits="3" branch="False" />
            <line number="97" hits="4" branch="False" />
            <line number="105" hits="7" branch="False" />
            <line number="106" hits="7" branch="True" condition-coverage="75% (3/4)">
              <conditions>
                <condition number="13" type="jump" coverage="100%" />
                <condition number="23" type="jump" coverage="50%" />
              </conditions>
            </line>
            <line number="107" hits="7" branch="False" />
            <line number="108" hits="4" branch="True" condition-coverage="50% (1/2)">
              <conditions>
                <condition number="41" type="jump" coverage="50%" />
              </conditions>
            </line>
            <line number="109" hits="0" branch="False" />
            <line number="110" hits="3" branch="False" />
            <line number="111" hits="7" branch="False" />
            <line number="112" hits="7" branch="False" />
            <line number="120" hits="4" branch="False" />
            <line number="122" hits="4" branch="True" condition-coverage="28.57% (12/42)">
              <conditions>
                <condition number="13" type="jump" coverage="50%" />
                <condition number="26" type="jump" coverage="50%" />
                <condition number="39" type="jump" coverage="50%" />
                <condition number="54" type="jump" coverage="50%" />
                <condition number="69" type="jump" coverage="50%" />
                <condition number="84" type="jump" coverage="50%" />
                <condition number="99" type="jump" coverage="100%" />
                <condition number="114" type="jump" coverage="50%" />
                <condition number="129" type="jump" coverage="50%" />
                <condition number="144" type="jump" coverage="50%" />
                <condition number="159" type="jump" coverage="50%" />
                <condition number="174" type="jump" coverage="0%" />
                <condition number="189" type="jump" coverage="0%" />
                <condition number="204" type="jump" coverage="0%" />
                <condition number="219" type="jump" coverage="0%" />
                <condition number="234" type="jump" coverage="0%" />
                <condition number="249" type="jump" coverage="0%" />
                <condition number="264" type="jump" coverage="0%" />
                <condition number="279" type="jump" coverage="0%" />
                <condition number="294" type="jump" coverage="0%" />
                <condition number="309" type="jump" coverage="0%" />
              </conditions>
            </line>
            <line number="123" hits="4" branch="False" />
            <line number="124" hits="4" branch="False" />
            <line number="125" hits="0" branch="False" />
            <line number="126" hits="0" branch="False" />
            <line number="127" hits="0" branch="False" />
            <line number="128" hits="4" branch="False" />
            <line number="129" hits="4" branch="False" />
            <line number="130" hits="0" branch="False" />
            <line number="131" hits="0" branch="False" />
            <line number="132" hits="0" branch="False" />
            <line number="133" hits="3" branch="False" />
            <line number="134" hits="0" branch="False" />
            <line number="135" hits="0" branch="False" />
            <line number="136" hits="4" branch="False" />
            <line number="137" hits="4" branch="False" />
            <line number="138" hits="0" branch="False" />
            <line number="139" hits="1" branch="False" />
            <line number="140" hits="4" branch="False" />
            <line number="141" hits="4" branch="False" />
            <line number="142" hits="0" branch="False" />
            <line number="143" hits="0" branch="False" />
            <line number="144" hits="0" branch="False" />
            <line number="145" hits="0" branch="False" />
            <line number="146" hits="0" branch="False" />
            <line number="147" hits="4" branch="False" />
            <line number="148" hits="4" branch="False" />
            <line number="149" hits="0" branch="False" />
            <line number="150" hits="0" branch="False" />
            <line number="151" hits="0" branch="False" />
            <line number="152" hits="0" branch="False" />
            <line number="153" hits="0" branch="False" />
            <line number="154" hits="0" branch="False" />
            <line number="155" hits="4" branch="False" />
            <line number="156" hits="4" branch="False" />
            <line number="157" hits="4" branch="False" />
            <line number="165" hits="0" branch="False" />
            <line number="166" hits="0" branch="False" />
            <line number="167" hits="0" branch="False" />
            <line number="175" hits="0" branch="False" />
            <line number="176" hits="0" branch="False" />
            <line number="177" hits="0" branch="False" />
            <line number="185" hits="0" branch="False" />
            <line number="186" hits="0" branch="False" />
            <line number="189" hits="0" branch="True" condition-coverage="0% (0/2)">
              <conditions>
                <condition number="116" type="jump" coverage="0%" />
              </conditions>
            </line>
            <line number="190" hits="0" branch="False" />
            <line number="191" hits="0" branch="True" condition-coverage="0% (0/2)">
              <conditions>
                <condition number="94" type="jump" coverage="0%" />
              </conditions>
            </line>
            <line number="192" hits="0" branch="False" />
            <line number="193" hits="0" branch="True" condition-coverage="0% (0/2)">
              <conditions>
                <condition number="67" type="jump" coverage="0%" />
              </conditions>
            </line>
            <line number="194" hits="0" branch="False" />
            <line number="195" hits="0" branch="False" />
            <line number="197" hits="0" branch="False" />
            <line number="198" hits="0" branch="False" />
            <line number="200" hits="0" branch="False" />
            <line number="201" hits="0" branch="False" />
            <line number="208" hits="0" branch="False" />
            <line number="212" hits="7" branch="False" />
            <line number="213" hits="7" branch="False" />
            <line number="214" hits="7" branch="False" />
            <line number="215" hits="7" branch="False" />
            <line number="224" hits="0" branch="False" />
            <line number="225" hits="0" branch="False" />
            <line number="226" hits="0" branch="False" />
            <line number="227" hits="0" branch="False" />
            <line number="228" hits="0" branch="False" />
            <line number="229" hits="0" branch="False" />
            <line number="233" hits="0" branch="False" />
            <line number="234" hits="0" branch="False" />
            <line number="235" hits="0" branch="False" />
            <line number="236" hits="0" branch="False" />
            <line number="43" hits="4" branch="False" />
            <line number="48" hits="4" branch="False" />
            <line number="49" hits="4" branch="False" />
            <line number="50" hits="4" branch="False" />
            <line number="56" hits="0" branch="False" />
            <line number="57" hits="0" branch="False" />
            <line number="58" hits="0" branch="False" />
            <line number="59" hits="0" branch="False" />
          </lines>
        </class>
        <class name="SlackNet.Blocks.BlockBuilderExtensions" filename="BlockBuilderExtensions.cs" line-rate="0.34090000000000004" branch-rate="1" complexity="14">
          <methods>
            <method name="AddActions" signature="(SlackNet.Blocks.IBlockBuilder,System.Action`1&lt;SlackNet.Blocks.ActionsBlockBuilder&gt;)" line-rate="0" branch-rate="1" complexity="1">
              <lines>
                <line number="19" hits="0" branch="False" />
                <line number="20" hits="0" branch="False" />
                <line number="22" hits="0" branch="False" />
                <line number="23" hits="0" branch="False" />
                <line number="24" hits="0" branch="False" />
                <line number="25" hits="0" branch="False" />
              </lines>
            </method>
            <method name="AddCall" signature="(SlackNet.Blocks.IBlockBuilder,System.String,System.String)" line-rate="0" branch-rate="1" complexity="1">
              <lines>
                <line number="35" hits="0" branch="False" />
                <line number="36" hits="0" branch="False" />
                <line number="37" hits="0" branch="False" />
                <line number="38" hits="0" branch="False" />
                <line number="39" hits="0" branch="False" />
              </lines>
            </method>
            <method name="AddContext" signature="(SlackNet.Blocks.IBlockBuilder,System.Action`1&lt;SlackNet.Blocks.ContextBlockBuilder&gt;)" line-rate="0" branch-rate="1" complexity="1">
              <lines>
                <line number="50" hits="0" branch="False" />
                <line number="51" hits="0" branch="False" />
                <line number="52" hits="0" branch="False" />
                <line number="53" hits="0" branch="False" />
                <line number="54" hits="0" branch="False" />
                <line number="55" hits="0" branch="False" />
              </lines>
            </method>
            <method name="AddDivider" signature="(SlackNet.Blocks.IBlockBuilder,System.String)" line-rate="1" branch-rate="1" complexity="1">
              <lines>
                <line number="64" hits="1" branch="False" />
                <line number="65" hits="1" branch="False" />
                <line number="66" hits="1" branch="False" />
                <line number="67" hits="1" branch="False" />
                <line number="68" hits="1" branch="False" />
                <line number="69" hits="1" branch="False" />
                <line number="70" hits="1" branch="False" />
                <line number="71" hits="1" branch="False" />
              </lines>
            </method>
            <method name="AddFile" signature="(SlackNet.Blocks.IBlockBuilder,System.String,System.String,System.String)" line-rate="0" branch-rate="1" complexity="1">
              <lines>
                <line number="83" hits="0" branch="False" />
                <line number="84" hits="0" branch="False" />
                <line number="85" hits="0" branch="False" />
                <line number="86" hits="0" branch="False" />
                <line number="87" hits="0" branch="False" />
                <line number="88" hits="0" branch="False" />
              </lines>
            </method>
            <method name="AddHeader" signature="(SlackNet.Blocks.IBlockBuilder,SlackNet.Blocks.PlainText,System.String)" line-rate="1" branch-rate="1" complexity="1">
              <lines>
                <line number="98" hits="1" branch="False" />
                <line number="99" hits="1" branch="False" />
                <line number="100" hits="1" branch="False" />
                <line number="101" hits="1" branch="False" />
                <line number="102" hits="1" branch="False" />
                <line number="103" hits="1" branch="False" />
                <line number="104" hits="1" branch="False" />
                <line number="106" hits="1" branch="False" />
                <line number="107" hits="1" branch="False" />
              </lines>
            </method>
            <method name="AddFileImage" signature="(SlackNet.Blocks.IBlockBuilder,System.String,System.String,SlackNet.Blocks.PlainText,System.String)" line-rate="0" branch-rate="1" complexity="1">
              <lines>
                <line number="123" hits="0" branch="False" />
                <line number="124" hits="0" branch="False" />
                <line number="125" hits="0" branch="False" />
                <line number="126" hits="0" branch="False" />
                <line number="127" hits="0" branch="False" />
                <line number="128" hits="0" branch="False" />
                <line number="129" hits="0" branch="False" />
              </lines>
            </method>
            <method name="AddSlackImage" signature="(SlackNet.Blocks.IBlockBuilder,SlackNet.Blocks.ImageFileReference,System.String,SlackNet.Blocks.PlainText,System.String)" line-rate="0" branch-rate="1" complexity="1">
              <lines>
                <line number="145" hits="0" branch="False" />
                <line number="146" hits="0" branch="False" />
                <line number="147" hits="0" branch="False" />
                <line number="148" hits="0" branch="False" />
                <line number="149" hits="0" branch="False" />
                <line number="150" hits="0" branch="False" />
                <line number="151" hits="0" branch="False" />
              </lines>
            </method>
            <method name="AddInput" signature="(SlackNet.Blocks.IBlockBuilder,System.String,System.Action`1&lt;SlackNet.Blocks.InputBlockBuilder`1&lt;TInput&gt;&gt;)" line-rate="1" branch-rate="1" complexity="1">
              <lines>
                <line number="166" hits="4" branch="False" />
                <line number="167" hits="4" branch="False" />
                <line number="168" hits="4" branch="False" />
                <line number="169" hits="4" branch="False" />
                <line number="170" hits="4" branch="False" />
                <line number="171" hits="4" branch="False" />
                <line number="172" hits="4" branch="False" />
              </lines>
            </method>
            <method name="AddRichText" signature="(SlackNet.Blocks.IBlockBuilder,System.Action`1&lt;SlackNet.Blocks.RichTextBuilder&gt;)" line-rate="0" branch-rate="1" complexity="1">
              <lines>
                <line number="181" hits="0" branch="False" />
                <line number="182" hits="0" branch="False" />
                <line number="183" hits="0" branch="False" />
                <line number="184" hits="0" branch="False" />
                <line number="185" hits="0" branch="False" />
                <line number="186" hits="0" branch="False" />
              </lines>
            </method>
            <method name="AddSection" signature="(SlackNet.Blocks.IBlockBuilder,System.String)" line-rate="0" branch-rate="1" complexity="1">
              <lines>
                <line number="195" hits="0" branch="False" />
              </lines>
            </method>
            <method name="AddPlainTextSection" signature="(SlackNet.Blocks.IBlockBuilder,System.String)" line-rate="0" branch-rate="1" complexity="1">
              <lines>
                <line number="204" hits="0" branch="False" />
              </lines>
            </method>
            <method name="AddSection" signature="(SlackNet.Blocks.IBlockBuilder,System.Action`1&lt;SlackNet.Blocks.SectionBuilder&gt;)" line-rate="1" branch-rate="1" complexity="1">
              <lines>
                <line number="213" hits="1" branch="False" />
                <line number="214" hits="1" branch="False" />
                <line number="215" hits="1" branch="False" />
                <line number="216" hits="1" branch="False" />
                <line number="217" hits="1" branch="False" />
                <line number="218" hits="1" branch="False" />
              </lines>
            </method>
            <method name="AddVideo" signature="(SlackNet.Blocks.IBlockBuilder,System.String,System.String,System.String,System.String,System.String,System.String,System.String,System.String,System.String)" line-rate="0" branch-rate="1" complexity="1">
              <lines>
                <line number="245" hits="0" branch="False" />
                <line number="246" hits="0" branch="False" />
                <line number="247" hits="0" branch="False" />
                <line number="248" hits="0" branch="False" />
                <line number="249" hits="0" branch="False" />
                <line number="250" hits="0" branch="False" />
                <line number="251" hits="0" branch="False" />
                <line number="252" hits="0" branch="False" />
                <line number="253" hits="0" branch="False" />
                <line number="254" hits="0" branch="False" />
                <line number="255" hits="0" branch="False" />
                <line number="256" hits="0" branch="False" />
                <line number="257" hits="0" branch="False" />
              </lines>
            </method>
          </methods>
          <lines>
            <line number="19" hits="0" branch="False" />
            <line number="20" hits="0" branch="False" />
            <line number="22" hits="0" branch="False" />
            <line number="23" hits="0" branch="False" />
            <line number="24" hits="0" branch="False" />
            <line number="25" hits="0" branch="False" />
            <line number="35" hits="0" branch="False" />
            <line number="36" hits="0" branch="False" />
            <line number="37" hits="0" branch="False" />
            <line number="38" hits="0" branch="False" />
            <line number="39" hits="0" branch="False" />
            <line number="50" hits="0" branch="False" />
            <line number="51" hits="0" branch="False" />
            <line number="52" hits="0" branch="False" />
            <line number="53" hits="0" branch="False" />
            <line number="54" hits="0" branch="False" />
            <line number="55" hits="0" branch="False" />
            <line number="64" hits="1" branch="False" />
            <line number="65" hits="1" branch="False" />
            <line number="66" hits="1" branch="False" />
            <line number="67" hits="1" branch="False" />
            <line number="68" hits="1" branch="False" />
            <line number="69" hits="1" branch="False" />
            <line number="70" hits="1" branch="False" />
            <line number="71" hits="1" branch="False" />
            <line number="83" hits="0" branch="False" />
            <line number="84" hits="0" branch="False" />
            <line number="85" hits="0" branch="False" />
            <line number="86" hits="0" branch="False" />
            <line number="87" hits="0" branch="False" />
            <line number="88" hits="0" branch="False" />
            <line number="98" hits="1" branch="False" />
            <line number="99" hits="1" branch="False" />
            <line number="100" hits="1" branch="False" />
            <line number="101" hits="1" branch="False" />
            <line number="102" hits="1" branch="False" />
            <line number="103" hits="1" branch="False" />
            <line number="104" hits="1" branch="False" />
            <line number="106" hits="1" branch="False" />
            <line number="107" hits="1" branch="False" />
            <line number="123" hits="0" branch="False" />
            <line number="124" hits="0" branch="False" />
            <line number="125" hits="0" branch="False" />
            <line number="126" hits="0" branch="False" />
            <line number="127" hits="0" branch="False" />
            <line number="128" hits="0" branch="False" />
            <line number="129" hits="0" branch="False" />
            <line number="145" hits="0" branch="False" />
            <line number="146" hits="0" branch="False" />
            <line number="147" hits="0" branch="False" />
            <line number="148" hits="0" branch="False" />
            <line number="149" hits="0" branch="False" />
            <line number="150" hits="0" branch="False" />
            <line number="151" hits="0" branch="False" />
            <line number="166" hits="4" branch="False" />
            <line number="167" hits="4" branch="False" />
            <line number="168" hits="4" branch="False" />
            <line number="169" hits="4" branch="False" />
            <line number="170" hits="4" branch="False" />
            <line number="171" hits="4" branch="False" />
            <line number="172" hits="4" branch="False" />
            <line number="181" hits="0" branch="False" />
            <line number="182" hits="0" branch="False" />
            <line number="183" hits="0" branch="False" />
            <line number="184" hits="0" branch="False" />
            <line number="185" hits="0" branch="False" />
            <line number="186" hits="0" branch="False" />
            <line number="195" hits="0" branch="False" />
            <line number="204" hits="0" branch="False" />
            <line number="213" hits="1" branch="False" />
            <line number="214" hits="1" branch="False" />
            <line number="215" hits="1" branch="False" />
            <line number="216" hits="1" branch="False" />
            <line number="217" hits="1" branch="False" />
            <line number="218" hits="1" branch="False" />
            <line number="245" hits="0" branch="False" />
            <line number="246" hits="0" branch="False" />
            <line number="247" hits="0" branch="False" />
            <line number="248" hits="0" branch="False" />
            <line number="249" hits="0" branch="False" />
            <line number="250" hits="0" branch="False" />
            <line number="251" hits="0" branch="False" />
            <line number="252" hits="0" branch="False" />
            <line number="253" hits="0" branch="False" />
            <line number="254" hits="0" branch="False" />
            <line number="255" hits="0" branch="False" />
            <line number="256" hits="0" branch="False" />
            <line number="257" hits="0" branch="False" />
          </lines>
        </class>
        <class name="SlackNet.Blocks.BlockElementBuilder`1" filename="BlockElementBuilder.cs" line-rate="0" branch-rate="1" complexity="8">
          <methods>
            <method name="get_Element" signature="()" line-rate="0" branch-rate="1" complexity="1">
              <lines>
                <line number="25" hits="0" branch="False" />
              </lines>
            </method>
            <method name="ModifyElement" signature="(System.Action`1&lt;TBlock&gt;)" line-rate="0" branch-rate="1" complexity="1">
              <lines>
                <line number="32" hits="0" branch="False" />
                <line number="33" hits="0" branch="False" />
                <line number="34" hits="0" branch="False" />
              </lines>
            </method>
            <method name="Create" signature="(SlackNet.Blocks.IBlockBuilder,TBlock)" line-rate="0" branch-rate="1" complexity="1">
              <lines>
                <line number="43" hits="0" branch="False" />
              </lines>
            </method>
            <method name="AddBlock" signature="(SlackNet.Blocks.Block)" line-rate="0" branch-rate="1" complexity="1">
              <lines>
                <line number="47" hits="0" branch="False" />
                <line number="48" hits="0" branch="False" />
                <line number="49" hits="0" branch="False" />
              </lines>
            </method>
            <method name="AddBlocks" signature="(System.Collections.Generic.IEnumerable`1&lt;SlackNet.Blocks.Block&gt;)" line-rate="0" branch-rate="1" complexity="1">
              <lines>
                <line number="53" hits="0" branch="False" />
                <line number="54" hits="0" branch="False" />
                <line number="55" hits="0" branch="False" />
              </lines>
            </method>
            <method name="Add" signature="(System.Action`1&lt;TBlock1&gt;)" line-rate="0" branch-rate="1" complexity="1">
              <lines>
                <line number="59" hits="0" branch="False" />
                <line number="60" hits="0" branch="False" />
                <line number="61" hits="0" branch="False" />
              </lines>
            </method>
            <method name="Build" signature="()" line-rate="0" branch-rate="1" complexity="1">
              <lines>
                <line number="65" hits="0" branch="False" />
                <line number="66" hits="0" branch="False" />
                <line number="67" hits="0" branch="False" />
              </lines>
            </method>
            <method name=".ctor" signature="(SlackNet.Blocks.IBlockBuilder,TBlock)" line-rate="0" branch-rate="1" complexity="1">
              <lines>
                <line number="16" hits="0" branch="False" />
                <line number="17" hits="0" branch="False" />
                <line number="18" hits="0" branch="False" />
                <line number="19" hits="0" branch="False" />
                <line number="20" hits="0" branch="False" />
              </lines>
            </method>
          </methods>
          <lines>
            <line number="25" hits="0" branch="False" />
            <line number="32" hits="0" branch="False" />
            <line number="33" hits="0" branch="False" />
            <line number="34" hits="0" branch="False" />
            <line number="43" hits="0" branch="False" />
            <line number="47" hits="0" branch="False" />
            <line number="48" hits="0" branch="False" />
            <line number="49" hits="0" branch="False" />
            <line number="53" hits="0" branch="False" />
            <line number="54" hits="0" branch="False" />
            <line number="55" hits="0" branch="False" />
            <line number="59" hits="0" branch="False" />
            <line number="60" hits="0" branch="False" />
            <line number="61" hits="0" branch="False" />
            <line number="65" hits="0" branch="False" />
            <line number="66" hits="0" branch="False" />
            <line number="67" hits="0" branch="False" />
            <line number="16" hits="0" branch="False" />
            <line number="17" hits="0" branch="False" />
            <line number="18" hits="0" branch="False" />
            <line number="19" hits="0" branch="False" />
            <line number="20" hits="0" branch="False" />
          </lines>
        </class>
        <class name="SlackNet.Blocks.ButtonExtensions" filename="ButtonExtensions.cs" line-rate="1" branch-rate="1" complexity="7">
          <methods>
            <method name="Text" signature="(SlackNet.Blocks.ActionElementBuilder`1&lt;SlackNet.Blocks.Button&gt;,System.String)" line-rate="1" branch-rate="1" complexity="1">
              <lines>
                <line number="18" hits="4" branch="False" />
              </lines>
            </method>
            <method name="Url" signature="(SlackNet.Blocks.ActionElementBuilder`1&lt;SlackNet.Blocks.Button&gt;,System.String)" line-rate="1" branch-rate="1" complexity="1">
              <lines>
                <line number="27" hits="2" branch="False" />
                <line number="28" hits="2" branch="False" />
                <line number="29" hits="2" branch="False" />
                <line number="30" hits="2" branch="False" />
              </lines>
            </method>
            <method name="Value" signature="(SlackNet.Blocks.ActionElementBuilder`1&lt;SlackNet.Blocks.Button&gt;,System.String)" line-rate="1" branch-rate="1" complexity="1">
              <lines>
                <line number="39" hits="2" branch="False" />
                <line number="40" hits="2" branch="False" />
                <line number="41" hits="2" branch="False" />
                <line number="42" hits="2" branch="False" />
              </lines>
            </method>
            <method name="Style" signature="(SlackNet.Blocks.ActionElementBuilder`1&lt;SlackNet.Blocks.Button&gt;,SlackNet.Blocks.ButtonStyle)" line-rate="1" branch-rate="1" complexity="1">
              <lines>
                <line number="51" hits="2" branch="False" />
                <line number="52" hits="2" branch="False" />
                <line number="53" hits="2" branch="False" />
                <line number="54" hits="2" branch="False" />
              </lines>
            </method>
            <method name="AccessibilityLabel" signature="(SlackNet.Blocks.ActionElementBuilder`1&lt;SlackNet.Blocks.Button&gt;,System.String)" line-rate="1" branch-rate="1" complexity="1">
              <lines>
                <line number="64" hits="2" branch="False" />
                <line number="65" hits="2" branch="False" />
                <line number="66" hits="2" branch="False" />
                <line number="67" hits="2" branch="False" />
              </lines>
            </method>
            <method name="AddButton" signature="(SlackNet.Blocks.ActionsBlockBuilder,System.String,System.String,SlackNet.Blocks.ButtonStyle,System.String,System.String)" line-rate="1" branch-rate="1" complexity="1">
              <lines>
                <line number="82" hits="3" branch="False" />
                <line number="83" hits="3" branch="False" />
                <line number="84" hits="3" branch="False" />
                <line number="85" hits="3" branch="False" />
                <line number="86" hits="3" branch="False" />
                <line number="87" hits="3" branch="False" />
                <line number="88" hits="3" branch="False" />
                <line number="89" hits="3" branch="False" />
                <line number="90" hits="6" branch="False" />
                <line number="91" hits="3" branch="False" />
              </lines>
            </method>
            <method name="AddButton" signature="(SlackNet.Blocks.ActionsBlockBuilder,System.String,System.String,System.String,System.String)" line-rate="1" branch-rate="1" complexity="1">
              <lines>
                <line number="104" hits="2" branch="False" />
                <line number="105" hits="2" branch="False" />
                <line number="106" hits="2" branch="False" />
              </lines>
            </method>
          </methods>
          <lines>
            <line number="18" hits="4" branch="False" />
            <line number="27" hits="2" branch="False" />
            <line number="28" hits="2" branch="False" />
            <line number="29" hits="2" branch="False" />
            <line number="30" hits="2" branch="False" />
            <line number="39" hits="2" branch="False" />
            <line number="40" hits="2" branch="False" />
            <line number="41" hits="2" branch="False" />
            <line number="42" hits="2" branch="False" />
            <line number="51" hits="2" branch="False" />
            <line number="52" hits="2" branch="False" />
            <line number="53" hits="2" branch="False" />
            <line number="54" hits="2" branch="False" />
            <line number="64" hits="2" branch="False" />
            <line number="65" hits="2" branch="False" />
            <line number="66" hits="2" branch="False" />
            <line number="67" hits="2" branch="False" />
            <line number="82" hits="3" branch="False" />
            <line number="83" hits="3" branch="False" />
            <line number="84" hits="3" branch="False" />
            <line number="85" hits="3" branch="False" />
            <line number="86" hits="3" branch="False" />
            <line number="87" hits="3" branch="False" />
            <line number="88" hits="3" branch="False" />
            <line number="89" hits="3" branch="False" />
            <line number="90" hits="6" branch="False" />
            <line number="91" hits="3" branch="False" />
            <line number="104" hits="2" branch="False" />
            <line number="105" hits="2" branch="False" />
            <line number="106" hits="2" branch="False" />
          </lines>
        </class>
        <class name="SlackNet.Blocks.CheckboxGroupExtensions" filename="CheckboxGroupExtensions.cs" line-rate="1" branch-rate="1" complexity="5">
          <methods>
            <method name="AddOption" signature="(SlackNet.Blocks.InputElementBuilder`1&lt;SlackNet.Blocks.CheckboxGroup&gt;,System.String,System.String,SlackNet.Blocks.PlainText)" line-rate="1" branch-rate="1" complexity="1">
              <lines>
                <line number="21" hits="13" branch="False" />
                <line number="22" hits="26" branch="False" />
              </lines>
            </method>
            <method name="FocusOnLoad" signature="(SlackNet.Blocks.InputElementBuilder`1&lt;SlackNet.Blocks.CheckboxGroup&gt;,System.Boolean)" line-rate="1" branch-rate="1" complexity="1">
              <lines>
                <line number="32" hits="6" branch="False" />
              </lines>
            </method>
            <method name="InitialOptions" signature="(SlackNet.Blocks.InputElementBuilder`1&lt;SlackNet.Blocks.CheckboxGroup&gt;,System.Func`2&lt;System.Collections.Generic.IList`1&lt;SlackNet.Blocks.Option&gt;,System.Collections.Generic.IList`1&lt;SlackNet.Blocks.Option&gt;&gt;)" line-rate="1" branch-rate="1" complexity="1">
              <lines>
                <line number="41" hits="8" branch="False" />
              </lines>
            </method>
            <method name="InitialOptions" signature="(SlackNet.Blocks.InputElementBuilder`1&lt;SlackNet.Blocks.CheckboxGroup&gt;,System.String[])" line-rate="1" branch-rate="1" complexity="2">
              <lines>
                <line number="51" hits="13" branch="True" condition-coverage="100% (2/2)">
                  <conditions>
                    <condition number="8" type="jump" coverage="100%" />
                  </conditions>
                </line>
              </lines>
            </method>
          </methods>
          <lines>
            <line number="21" hits="13" branch="False" />
            <line number="22" hits="26" branch="False" />
            <line number="32" hits="6" branch="False" />
            <line number="41" hits="8" branch="False" />
            <line number="51" hits="13" branch="True" condition-coverage="100% (2/2)">
              <conditions>
                <condition number="8" type="jump" coverage="100%" />
              </conditions>
            </line>
          </lines>
        </class>
        <class name="SlackNet.Blocks.ContextBlockBuilder" filename="ContextBlockBuilder.cs" line-rate="0" branch-rate="0" complexity="12">
          <methods>
            <method name="BlockId" signature="(System.String)" line-rate="0" branch-rate="1" complexity="1">
              <lines>
                <line number="27" hits="0" branch="False" />
                <line number="28" hits="0" branch="False" />
                <line number="29" hits="0" branch="False" />
                <line number="30" hits="0" branch="False" />
              </lines>
            </method>
            <method name="AddText" signature="(System.String,System.Boolean)" line-rate="0" branch-rate="1" complexity="1">
              <lines>
                <line number="39" hits="0" branch="False" />
                <line number="40" hits="0" branch="False" />
                <line number="41" hits="0" branch="False" />
                <line number="42" hits="0" branch="False" />
                <line number="43" hits="0" branch="False" />
                <line number="44" hits="0" branch="False" />
                <line number="45" hits="0" branch="False" />
                <line number="46" hits="0" branch="False" />
              </lines>
            </method>
            <method name="AddMarkdown" signature="(System.String,System.Boolean)" line-rate="0" branch-rate="1" complexity="1">
              <lines>
                <line number="55" hits="0" branch="False" />
                <line number="56" hits="0" branch="False" />
                <line number="57" hits="0" branch="False" />
                <line number="58" hits="0" branch="False" />
                <line number="59" hits="0" branch="False" />
                <line number="60" hits="0" branch="False" />
                <line number="61" hits="0" branch="False" />
                <line number="62" hits="0" branch="False" />
              </lines>
            </method>
            <method name="AddFileImage" signature="(System.String,System.String)" line-rate="0" branch-rate="1" complexity="1">
              <lines>
                <line number="73" hits="0" branch="False" />
                <line number="74" hits="0" branch="False" />
                <line number="75" hits="0" branch="False" />
                <line number="76" hits="0" branch="False" />
                <line number="77" hits="0" branch="False" />
                <line number="78" hits="0" branch="False" />
                <line number="79" hits="0" branch="False" />
                <line number="80" hits="0" branch="False" />
              </lines>
            </method>
            <method name="AddSlackImage" signature="(SlackNet.Blocks.ImageFileReference,System.String)" line-rate="0" branch-rate="1" complexity="1">
              <lines>
                <line number="91" hits="0" branch="False" />
                <line number="92" hits="0" branch="False" />
                <line number="93" hits="0" branch="False" />
                <line number="94" hits="0" branch="False" />
                <line number="95" hits="0" branch="False" />
                <line number="96" hits="0" branch="False" />
                <line number="97" hits="0" branch="False" />
                <line number="98" hits="0" branch="False" />
              </lines>
            </method>
            <method name="Build" signature="()" line-rate="0" branch-rate="0" complexity="6">
              <lines>
                <line number="106" hits="0" branch="False" />
                <line number="107" hits="0" branch="True" condition-coverage="0% (0/2)">
                  <conditions>
                    <condition number="23" type="jump" coverage="0%" />
                  </conditions>
                </line>
                <line number="108" hits="0" branch="False" />
                <line number="109" hits="0" branch="False" />
                <line number="112" hits="0" branch="True" condition-coverage="0% (0/4)">
                  <conditions>
                    <condition number="97" type="jump" coverage="0%" />
                    <condition number="117" type="jump" coverage="0%" />
                  </conditions>
                </line>
                <line number="113" hits="0" branch="False" />
                <line number="114" hits="0" branch="False" />
                <line number="117" hits="0" branch="False" />
                <line number="118" hits="0" branch="False" />
              </lines>
            </method>
            <method name=".ctor" signature="()" line-rate="0" branch-rate="1" complexity="1">
              <lines>
                <line number="8" hits="0" branch="False" />
              </lines>
            </method>
          </methods>
          <lines>
            <line number="27" hits="0" branch="False" />
            <line number="28" hits="0" branch="False" />
            <line number="29" hits="0" branch="False" />
            <line number="30" hits="0" branch="False" />
            <line number="39" hits="0" branch="False" />
            <line number="40" hits="0" branch="False" />
            <line number="41" hits="0" branch="False" />
            <line number="42" hits="0" branch="False" />
            <line number="43" hits="0" branch="False" />
            <line number="44" hits="0" branch="False" />
            <line number="45" hits="0" branch="False" />
            <line number="46" hits="0" branch="False" />
            <line number="55" hits="0" branch="False" />
            <line number="56" hits="0" branch="False" />
            <line number="57" hits="0" branch="False" />
            <line number="58" hits="0" branch="False" />
            <line number="59" hits="0" branch="False" />
            <line number="60" hits="0" branch="False" />
            <line number="61" hits="0" branch="False" />
            <line number="62" hits="0" branch="False" />
            <line number="73" hits="0" branch="False" />
            <line number="74" hits="0" branch="False" />
            <line number="75" hits="0" branch="False" />
            <line number="76" hits="0" branch="False" />
            <line number="77" hits="0" branch="False" />
            <line number="78" hits="0" branch="False" />
            <line number="79" hits="0" branch="False" />
            <line number="80" hits="0" branch="False" />
            <line number="91" hits="0" branch="False" />
            <line number="92" hits="0" branch="False" />
            <line number="93" hits="0" branch="False" />
            <line number="94" hits="0" branch="False" />
            <line number="95" hits="0" branch="False" />
            <line number="96" hits="0" branch="False" />
            <line number="97" hits="0" branch="False" />
            <line number="98" hits="0" branch="False" />
            <line number="106" hits="0" branch="False" />
            <line number="107" hits="0" branch="True" condition-coverage="0% (0/2)">
              <conditions>
                <condition number="23" type="jump" coverage="0%" />
              </conditions>
            </line>
            <line number="108" hits="0" branch="False" />
            <line number="109" hits="0" branch="False" />
            <line number="112" hits="0" branch="True" condition-coverage="0% (0/4)">
              <conditions>
                <condition number="97" type="jump" coverage="0%" />
                <condition number="117" type="jump" coverage="0%" />
              </conditions>
            </line>
            <line number="113" hits="0" branch="False" />
            <line number="114" hits="0" branch="False" />
            <line number="117" hits="0" branch="False" />
            <line number="118" hits="0" branch="False" />
            <line number="8" hits="0" branch="False" />
          </lines>
        </class>
        <class name="SlackNet.Blocks.DateTimePickerExtensions" filename="DateTimePickerExtensions.cs" line-rate="0" branch-rate="1" complexity="8">
          <methods>
            <method name="InitialDate" signature="(SlackNet.Blocks.InputElementBuilder`1&lt;SlackNet.Blocks.DatePicker&gt;,System.Nullable`1&lt;System.DateTime&gt;)" line-rate="0" branch-rate="1" complexity="1">
              <lines>
                <line number="20" hits="0" branch="False" />
              </lines>
            </method>
            <method name="Placeholder" signature="(SlackNet.Blocks.InputElementBuilder`1&lt;SlackNet.Blocks.DatePicker&gt;,System.String)" line-rate="0" branch-rate="1" complexity="1">
              <lines>
                <line number="29" hits="0" branch="False" />
              </lines>
            </method>
            <method name="FocusOnLoad" signature="(SlackNet.Blocks.InputElementBuilder`1&lt;SlackNet.Blocks.DatePicker&gt;,System.Boolean)" line-rate="0" branch-rate="1" complexity="1">
              <lines>
                <line number="39" hits="0" branch="False" />
              </lines>
            </method>
            <method name="InitialTime" signature="(SlackNet.Blocks.InputElementBuilder`1&lt;SlackNet.Blocks.TimePicker&gt;,System.Nullable`1&lt;System.TimeSpan&gt;)" line-rate="0" branch-rate="1" complexity="1">
              <lines>
                <line number="50" hits="0" branch="False" />
              </lines>
            </method>
            <method name="Placeholder" signature="(SlackNet.Blocks.InputElementBuilder`1&lt;SlackNet.Blocks.TimePicker&gt;,System.String)" line-rate="0" branch-rate="1" complexity="1">
              <lines>
                <line number="59" hits="0" branch="False" />
              </lines>
            </method>
            <method name="FocusOnLoad" signature="(SlackNet.Blocks.InputElementBuilder`1&lt;SlackNet.Blocks.TimePicker&gt;,System.Boolean)" line-rate="0" branch-rate="1" complexity="1">
              <lines>
                <line number="69" hits="0" branch="False" />
              </lines>
            </method>
            <method name="InitialDateTime" signature="(SlackNet.Blocks.InputElementBuilder`1&lt;SlackNet.Blocks.DateTimePicker&gt;,System.Nullable`1&lt;System.DateTime&gt;)" line-rate="0" branch-rate="1" complexity="1">
              <lines>
                <line number="81" hits="0" branch="False" />
              </lines>
            </method>
            <method name="FocusOnLoad" signature="(SlackNet.Blocks.InputElementBuilder`1&lt;SlackNet.Blocks.DateTimePicker&gt;,System.Boolean)" line-rate="0" branch-rate="1" complexity="1">
              <lines>
                <line number="91" hits="0" branch="False" />
              </lines>
            </method>
          </methods>
          <lines>
            <line number="20" hits="0" branch="False" />
            <line number="29" hits="0" branch="False" />
            <line number="39" hits="0" branch="False" />
            <line number="50" hits="0" branch="False" />
            <line number="59" hits="0" branch="False" />
            <line number="69" hits="0" branch="False" />
            <line number="81" hits="0" branch="False" />
            <line number="91" hits="0" branch="False" />
          </lines>
        </class>
        <class name="SlackNet.Blocks.InputBlockBuilder`1" filename="InputBlockBuilder.cs" line-rate="0.36" branch-rate="1" complexity="6">
          <methods>
            <method name="get_ParentBlock" signature="()" line-rate="1" branch-rate="1" complexity="1">
              <lines>
                <line number="13" hits="4" branch="False" />
              </lines>
            </method>
            <method name="BlockId" signature="(System.String)" line-rate="0" branch-rate="1" complexity="1">
              <lines>
                <line number="35" hits="0" branch="False" />
                <line number="36" hits="0" branch="False" />
                <line number="37" hits="0" branch="False" />
                <line number="38" hits="0" branch="False" />
              </lines>
            </method>
            <method name="DispatchAction" signature="(System.Boolean)" line-rate="0" branch-rate="1" complexity="1">
              <lines>
                <line number="46" hits="0" branch="False" />
                <line number="47" hits="0" branch="False" />
                <line number="48" hits="0" branch="False" />
                <line number="49" hits="0" branch="False" />
              </lines>
            </method>
            <method name="Hint" signature="(System.String)" line-rate="0" branch-rate="1" complexity="1">
              <lines>
                <line number="57" hits="0" branch="False" />
                <line number="58" hits="0" branch="False" />
                <line number="59" hits="0" branch="False" />
                <line number="60" hits="0" branch="False" />
              </lines>
            </method>
            <method name="Optional" signature="(System.Boolean)" line-rate="0" branch-rate="1" complexity="1">
              <lines>
                <line number="68" hits="0" branch="False" />
                <line number="69" hits="0" branch="False" />
                <line number="70" hits="0" branch="False" />
                <line number="71" hits="0" branch="False" />
              </lines>
            </method>
            <method name=".ctor" signature="(TElement,System.String)" line-rate="1" branch-rate="1" complexity="1">
              <lines>
                <line number="20" hits="4" branch="False" />
                <line number="21" hits="4" branch="False" />
                <line number="22" hits="4" branch="False" />
                <line number="23" hits="4" branch="False" />
                <line number="24" hits="4" branch="False" />
                <line number="25" hits="4" branch="False" />
                <line number="26" hits="4" branch="False" />
                <line number="27" hits="4" branch="False" />
              </lines>
            </method>
          </methods>
          <lines>
            <line number="13" hits="4" branch="False" />
            <line number="35" hits="0" branch="False" />
            <line number="36" hits="0" branch="False" />
            <line number="37" hits="0" branch="False" />
            <line number="38" hits="0" branch="False" />
            <line number="46" hits="0" branch="False" />
            <line number="47" hits="0" branch="False" />
            <line number="48" hits="0" branch="False" />
            <line number="49" hits="0" branch="False" />
            <line number="57" hits="0" branch="False" />
            <line number="58" hits="0" branch="False" />
            <line number="59" hits="0" branch="False" />
            <line number="60" hits="0" branch="False" />
            <line number="68" hits="0" branch="False" />
            <line number="69" hits="0" branch="False" />
            <line number="70" hits="0" branch="False" />
            <line number="71" hits="0" branch="False" />
            <line number="20" hits="4" branch="False" />
            <line number="21" hits="4" branch="False" />
            <line number="22" hits="4" branch="False" />
            <line number="23" hits="4" branch="False" />
            <line number="24" hits="4" branch="False" />
            <line number="25" hits="4" branch="False" />
            <line number="26" hits="4" branch="False" />
            <line number="27" hits="4" branch="False" />
          </lines>
        </class>
[...]
            <line number="92" hits="1" branch="False" />
            <line number="93" hits="1" branch="False" />
            <line number="94" hits="1" branch="False" />
            <line number="95" hits="1" branch="False" />
            <line number="96" hits="1" branch="False" />
            <line number="97" hits="1" branch="False" />
            <line number="98" hits="1" branch="False" />
            <line number="108" hits="0" branch="False" />
            <line number="109" hits="0" branch="False" />
            <line number="110" hits="0" branch="False" />
            <line number="111" hits="0" branch="False" />
            <line number="112" hits="0" branch="False" />
            <line number="113" hits="0" branch="False" />
            <line number="121" hits="1" branch="False" />
            <line number="122" hits="1" branch="False" />
            <line number="123" hits="1" branch="False" />
            <line number="124" hits="1" branch="False" />
            <line number="133" hits="5" branch="False" />
            <line number="135" hits="5" branch="True" condition-coverage="50% (2/4)">
              <conditions>
                <condition number="13" type="jump" coverage="50%" />
                <condition number="33" type="jump" coverage="50%" />
              </conditions>
            </line>
            <line number="136" hits="0" branch="False" />
            <line number="137" hits="0" branch="False" />
            <line number="139" hits="5" branch="True" condition-coverage="100% (2/2)">
              <conditions>
                <condition number="124" type="jump" coverage="100%" />
              </conditions>
            </line>
            <line number="140" hits="1" branch="False" />
            <line number="141" hits="1" branch="False" />
            <line number="144" hits="7" branch="True" condition-coverage="100% (2/2)">
              <conditions>
                <condition number="220" type="jump" coverage="100%" />
              </conditions>
            </line>
            <line number="145" hits="1" branch="False" />
            <line number="146" hits="1" branch="False" />
            <line number="149" hits="3" branch="False" />
            <line number="150" hits="3" branch="False" />
            <line number="14" hits="5" branch="False" />
            <line number="19" hits="5" branch="False" />
            <line number="29" hits="5" branch="False" />
            <line number="30" hits="5" branch="False" />
            <line number="31" hits="5" branch="False" />
            <line number="32" hits="5" branch="False" />
          </lines>
        </class>
        <class name="SlackNet.Blocks.SelectMenuBaseExtensions" filename="SelectMenuBaseExtensions.cs" line-rate="0.4375" branch-rate="0.4" complexity="39">
          <methods>
            <method name="Placeholder" signature="(SlackNet.Blocks.InputElementBuilder`1&lt;TElemenet&gt;,System.String)" line-rate="1" branch-rate="1" complexity="1">
              <lines>
                <line number="21" hits="8" branch="False" />
              </lines>
            </method>
            <method name="FocusOnLoad" signature="(SlackNet.Blocks.InputElementBuilder`1&lt;TElemenet&gt;,System.Boolean)" line-rate="1" branch-rate="1" complexity="1">
              <lines>
                <line number="33" hits="4" branch="False" />
              </lines>
            </method>
            <method name="AddOption" signature="(SlackNet.Blocks.InputElementBuilder`1&lt;TElement&gt;,System.String,System.String,SlackNet.Blocks.PlainText)" line-rate="1" branch-rate="1" complexity="1">
              <lines>
                <line number="47" hits="15" branch="False" />
                <line number="48" hits="30" branch="False" />
              </lines>
            </method>
            <method name="AddOptionGroup" signature="(SlackNet.Blocks.InputElementBuilder`1&lt;TElement&gt;,System.String,System.Collections.Generic.IList`1&lt;SlackNet.Blocks.Option&gt;)" line-rate="1" branch-rate="1" complexity="1">
              <lines>
                <line number="60" hits="1" branch="False" />
                <line number="61" hits="2" branch="False" />
              </lines>
            </method>
            <method name="AddOptionGroup" signature="(SlackNet.Blocks.InputElementBuilder`1&lt;TElement&gt;,System.String,System.Action`1&lt;SlackNet.Blocks.OptionGroupBuilder&gt;)" line-rate="1" branch-rate="1" complexity="1">
              <lines>
                <line number="73" hits="1" branch="False" />
                <line number="74" hits="1" branch="False" />
                <line number="75" hits="1" branch="False" />
                <line number="76" hits="2" branch="False" />
                <line number="77" hits="1" branch="False" />
              </lines>
            </method>
            <method name="InitialOption" signature="(SlackNet.Blocks.InputElementBuilder`1&lt;SlackNet.Blocks.StaticSelectMenu&gt;,System.String)" line-rate="1" branch-rate="1" complexity="2">
              <lines>
                <line number="89" hits="21" branch="True" condition-coverage="100% (2/2)">
                  <conditions>
                    <condition number="14" type="jump" coverage="100%" />
                  </conditions>
                </line>
              </lines>
            </method>
            <method name="InitialOptions" signature="(SlackNet.Blocks.InputElementBuilder`1&lt;SlackNet.Blocks.StaticMultiSelectMenu&gt;,System.Func`2&lt;System.Collections.Generic.IList`1&lt;SlackNet.Blocks.Option&gt;,System.Collections.Generic.IList`1&lt;SlackNet.Blocks.Option&gt;&gt;)" line-rate="0" branch-rate="1" complexity="1">
              <lines>
                <line number="101" hits="0" branch="False" />
              </lines>
            </method>
            <method name="MaxSelectedItems" signature="(SlackNet.Blocks.InputElementBuilder`1&lt;SlackNet.Blocks.StaticMultiSelectMenu&gt;,System.Int32)" line-rate="1" branch-rate="1" complexity="1">
              <lines>
                <line number="111" hits="2" branch="False" />
              </lines>
            </method>
            <method name="InitialOptions" signature="(SlackNet.Blocks.InputElementBuilder`1&lt;SlackNet.Blocks.StaticMultiSelectMenu&gt;,System.String[])" line-rate="0" branch-rate="0" complexity="2">
              <lines>
                <line number="122" hits="0" branch="True" condition-coverage="0% (0/2)">
                  <conditions>
                    <condition number="8" type="jump" coverage="0%" />
                  </conditions>
                </line>
              </lines>
            </method>
            <method name="InitialUser" signature="(SlackNet.Blocks.InputElementBuilder`1&lt;SlackNet.Blocks.UserSelectMenu&gt;,System.String)" line-rate="0" branch-rate="1" complexity="1">
              <lines>
                <line number="134" hits="0" branch="False" />
              </lines>
            </method>
            <method name="MinQueryLength" signature="(SlackNet.Blocks.InputElementBuilder`1&lt;TElement&gt;,System.Int32)" line-rate="0" branch-rate="1" complexity="1">
              <lines>
                <line number="149" hits="0" branch="False" />
              </lines>
            </method>
            <method name="InitialOption" signature="(SlackNet.Blocks.InputElementBuilder`1&lt;SlackNet.Blocks.ExternalSelectMenu&gt;,SlackNet.Blocks.Option)" line-rate="0" branch-rate="1" complexity="1">
              <lines>
                <line number="161" hits="0" branch="False" />
              </lines>
            </method>
            <method name="InitialConversation" signature="(SlackNet.Blocks.InputElementBuilder`1&lt;SlackNet.Blocks.ConversationSelectMenu&gt;,System.String)" line-rate="0" branch-rate="1" complexity="1">
              <lines>
                <line number="173" hits="0" branch="False" />
              </lines>
            </method>
            <method name="DefaultToCurrentConversation" signature="(SlackNet.Blocks.InputElementBuilder`1&lt;SlackNet.Blocks.ConversationSelectMenu&gt;,System.Boolean)" line-rate="0" branch-rate="1" complexity="1">
              <lines>
                <line number="184" hits="0" branch="False" />
              </lines>
            </method>
            <method name="Filter" signature="(SlackNet.Blocks.InputElementBuilder`1&lt;SlackNet.Blocks.ConversationSelectMenu&gt;,System.Action`1&lt;SlackNet.Blocks.ConversationFilter&gt;)" line-rate="1" branch-rate="1" complexity="2">
              <lines>
                <line number="195" hits="3" branch="False" />
                <line number="196" hits="3" branch="True" condition-coverage="100% (2/2)">
                  <conditions>
                    <condition number="20" type="jump" coverage="100%" />
                  </conditions>
                </line>
                <line number="197" hits="3" branch="False" />
                <line number="198" hits="6" branch="False" />
                <line number="199" hits="3" branch="False" />
              </lines>
            </method>
            <method name="Include" signature="(SlackNet.Blocks.InputElementBuilder`1&lt;SlackNet.Blocks.ConversationSelectMenu&gt;,SlackNet.Blocks.ConversationTypeFilter)" line-rate="1" branch-rate="1" complexity="1">
              <lines>
                <line number="210" hits="2" branch="False" />
              </lines>
            </method>
            <method name="ExcludeExternalSharedChannels" signature="(SlackNet.Blocks.InputElementBuilder`1&lt;SlackNet.Blocks.ConversationSelectMenu&gt;,System.Boolean)" line-rate="1" branch-rate="1" complexity="1">
              <lines>
                <line number="220" hits="2" branch="False" />
              </lines>
            </method>
            <method name="ExcludeBotUsers" signature="(SlackNet.Blocks.InputElementBuilder`1&lt;SlackNet.Blocks.ConversationSelectMenu&gt;,System.Boolean)" line-rate="1" branch-rate="1" complexity="1">
              <lines>
                <line number="230" hits="2" branch="False" />
              </lines>
            </method>
            <method name="InitialChannel" signature="(SlackNet.Blocks.InputElementBuilder`1&lt;SlackNet.Blocks.ChannelSelectMenu&gt;,System.String)" line-rate="0" branch-rate="1" complexity="1">
              <lines>
                <line number="242" hits="0" branch="False" />
              </lines>
            </method>
            <method name="InitialOptions" signature="(SlackNet.Blocks.InputElementBuilder`1&lt;TElement&gt;,System.Func`2&lt;System.Collections.Generic.IList`1&lt;SlackNet.Blocks.Option&gt;,System.Collections.Generic.IList`1&lt;SlackNet.Blocks.Option&gt;&gt;)" line-rate="0" branch-rate="1" complexity="1">
              <lines>
                <line number="248" hits="0" branch="False" />
              </lines>
            </method>
            <method name="InitialOptions" signature="(SlackNet.Blocks.InputElementBuilder`1&lt;TElement&gt;,System.String[])" line-rate="0" branch-rate="0" complexity="2">
              <lines>
                <line number="260" hits="0" branch="True" condition-coverage="0% (0/2)">
                  <conditions>
                    <condition number="8" type="jump" coverage="0%" />
                  </conditions>
                </line>
              </lines>
            </method>
            <method name="MaxSelectedItems" signature="(SlackNet.Blocks.InputElementBuilder`1&lt;TElement&gt;,System.Int32)" line-rate="0" branch-rate="1" complexity="1">
              <lines>
                <line number="272" hits="0" branch="False" />
              </lines>
            </method>
            <method name="InitialOptions" signature="(SlackNet.Blocks.InputElementBuilder`1&lt;SlackNet.Blocks.ExternalMultiSelectMenu&gt;,System.Collections.Generic.IList`1&lt;SlackNet.Blocks.Option&gt;)" line-rate="0" branch-rate="1" complexity="1">
              <lines>
                <line number="285" hits="0" branch="False" />
              </lines>
            </method>
            <method name="InitialUsers" signature="(SlackNet.Blocks.InputElementBuilder`1&lt;SlackNet.Blocks.UserMultiSelectMenu&gt;,System.String[])" line-rate="0" branch-rate="1" complexity="1">
              <lines>
                <line number="297" hits="0" branch="False" />
              </lines>
            </method>
            <method name="MaxSelectedItems" signature="(SlackNet.Blocks.InputElementBuilder`1&lt;SlackNet.Blocks.UserMultiSelectMenu&gt;,System.Int32)" line-rate="0" branch-rate="1" complexity="1">
              <lines>
                <line number="307" hits="0" branch="False" />
              </lines>
            </method>
            <method name="InitialConversations" signature="(SlackNet.Blocks.InputElementBuilder`1&lt;SlackNet.Blocks.ConversationMultiSelectMenu&gt;,System.String[])" line-rate="0" branch-rate="1" complexity="1">
              <lines>
                <line number="319" hits="0" branch="False" />
              </lines>
            </method>
            <method name="DefaultToCurrentConversation" signature="(SlackNet.Blocks.InputElementBuilder`1&lt;SlackNet.Blocks.ConversationMultiSelectMenu&gt;,System.Boolean)" line-rate="0" branch-rate="1" complexity="1">
              <lines>
                <line number="330" hits="0" branch="False" />
              </lines>
            </method>
            <method name="Filter" signature="(SlackNet.Blocks.InputElementBuilder`1&lt;SlackNet.Blocks.ConversationMultiSelectMenu&gt;,System.Action`1&lt;SlackNet.Blocks.ConversationFilter&gt;)" line-rate="0" branch-rate="0" complexity="2">
              <lines>
                <line number="341" hits="0" branch="False" />
                <line number="342" hits="0" branch="True" condition-coverage="0% (0/2)">
                  <conditions>
                    <condition number="20" type="jump" coverage="0%" />
                  </conditions>
                </line>
                <line number="343" hits="0" branch="False" />
                <line number="344" hits="0" branch="False" />
                <line number="345" hits="0" branch="False" />
              </lines>
            </method>
            <method name="Include" signature="(SlackNet.Blocks.InputElementBuilder`1&lt;SlackNet.Blocks.ConversationMultiSelectMenu&gt;,SlackNet.Blocks.ConversationTypeFilter)" line-rate="0" branch-rate="1" complexity="1">
              <lines>
                <line number="356" hits="0" branch="False" />
              </lines>
            </method>
            <method name="ExcludeExternalSharedChannels" signature="(SlackNet.Blocks.InputElementBuilder`1&lt;SlackNet.Blocks.ConversationMultiSelectMenu&gt;,System.Boolean)" line-rate="0" branch-rate="1" complexity="1">
              <lines>
                <line number="366" hits="0" branch="False" />
              </lines>
            </method>
            <method name="ExcludeBotUsers" signature="(SlackNet.Blocks.InputElementBuilder`1&lt;SlackNet.Blocks.ConversationMultiSelectMenu&gt;,System.Boolean)" line-rate="0" branch-rate="1" complexity="1">
              <lines>
                <line number="376" hits="0" branch="False" />
              </lines>
            </method>
            <method name="MaxSelectedItems" signature="(SlackNet.Blocks.InputElementBuilder`1&lt;SlackNet.Blocks.ConversationMultiSelectMenu&gt;,System.Int32)" line-rate="0" branch-rate="1" complexity="1">
              <lines>
                <line number="386" hits="0" branch="False" />
              </lines>
            </method>
            <method name="InitialChannels" signature="(SlackNet.Blocks.InputElementBuilder`1&lt;SlackNet.Blocks.ChannelMultiSelectMenu&gt;,System.String[])" line-rate="0" branch-rate="1" complexity="1">
              <lines>
                <line number="398" hits="0" branch="False" />
              </lines>
            </method>
            <method name="MaxSelectedItems" signature="(SlackNet.Blocks.InputElementBuilder`1&lt;SlackNet.Blocks.ChannelMultiSelectMenu&gt;,System.Int32)" line-rate="0" branch-rate="1" complexity="1">
              <lines>
                <line number="408" hits="0" branch="False" />
              </lines>
            </method>
          </methods>
          <lines>
            <line number="21" hits="8" branch="False" />
            <line number="33" hits="4" branch="False" />
            <line number="47" hits="15" branch="False" />
            <line number="48" hits="30" branch="False" />
            <line number="60" hits="1" branch="False" />
            <line number="61" hits="2" branch="False" />
            <line number="73" hits="1" branch="False" />
            <line number="74" hits="1" branch="False" />
            <line number="75" hits="1" branch="False" />
            <line number="76" hits="2" branch="False" />
            <line number="77" hits="1" branch="False" />
            <line number="89" hits="21" branch="True" condition-coverage="100% (2/2)">
              <conditions>
                <condition number="14" type="jump" coverage="100%" />
              </conditions>
            </line>
            <line number="101" hits="0" branch="False" />
            <line number="111" hits="2" branch="False" />
            <line number="122" hits="0" branch="True" condition-coverage="0% (0/2)">
              <conditions>
                <condition number="8" type="jump" coverage="0%" />
              </conditions>
            </line>
            <line number="134" hits="0" branch="False" />
            <line number="149" hits="0" branch="False" />
            <line number="161" hits="0" branch="False" />
            <line number="173" hits="0" branch="False" />
            <line number="184" hits="0" branch="False" />
            <line number="195" hits="3" branch="False" />
            <line number="196" hits="3" branch="True" condition-coverage="100% (2/2)">
              <conditions>
                <condition number="20" type="jump" coverage="100%" />
              </conditions>
            </line>
            <line number="197" hits="3" branch="False" />
            <line number="198" hits="6" branch="False" />
            <line number="199" hits="3" branch="False" />
            <line number="210" hits="2" branch="False" />
            <line number="220" hits="2" branch="False" />
            <line number="230" hits="2" branch="False" />
            <line number="242" hits="0" branch="False" />
            <line number="248" hits="0" branch="False" />
            <line number="260" hits="0" branch="True" condition-coverage="0% (0/2)">
              <conditions>
                <condition number="8" type="jump" coverage="0%" />
              </conditions>
            </line>
            <line number="272" hits="0" branch="False" />
            <line number="285" hits="0" branch="False" />
            <line number="297" hits="0" branch="False" />
            <line number="307" hits="0" branch="False" />
            <line number="319" hits="0" branch="False" />
            <line number="330" hits="0" branch="False" />
            <line number="341" hits="0" branch="False" />
            <line number="342" hits="0" branch="True" condition-coverage="0% (0/2)">
              <conditions>
                <condition number="20" type="jump" coverage="0%" />
              </conditions>
            </line>
            <line number="343" hits="0" branch="False" />
            <line number="344" hits="0" branch="False" />
            <line number="345" hits="0" branch="False" />
            <line number="356" hits="0" branch="False" />
            <line number="366" hits="0" branch="False" />
            <line number="376" hits="0" branch="False" />
            <line number="386" hits="0" branch="False" />
            <line number="398" hits="0" branch="False" />
            <line number="408" hits="0" branch="False" />
          </lines>
        </class>
      </classes>
    </package>
  </packages>
</coverage>